<?xml version="1.0" encoding="UTF-8"?>
<!-- Generated by org.testng.reporters.JUnitReportReporter -->
<testsuite hostname="LAPTOP-PC1P1NAU" failures="0" tests="1" name="TestCases.Login_Testcase" time="0.944" errors="0" timestamp="2024-02-15T11:33:08 IST" skipped="0">
  <testcase classname="TestCases.Login_Testcase" name="login" time="0.944"/>
</testsuite> <!-- TestCases.Login_Testcase -->
